<?xml version="1.0" encoding="UTF-8"?>
<testng-results skipped="0" failed="1" total="3" passed="2">
  <reporter-output>
  </reporter-output>
  <suite name="Default suite" duration-ms="857" started-at="2016-12-02T17:32:20Z" finished-at="2016-12-02T17:32:21Z">
    <groups>
    </groups>
    <test name="Default test" duration-ms="857" started-at="2016-12-02T17:32:20Z" finished-at="2016-12-02T17:32:21Z">
      <class name="RequestTest.StartRequestTest">
        <test-method status="PASS" signature="beforeClass()[pri:0, instance:RequestTest.StartRequestTest@6d8a00e3]" name="beforeClass" is-config="true" duration-ms="705" started-at="2016-12-02T09:32:20Z" finished-at="2016-12-02T09:32:21Z">
          <reporter-output>
          </reporter-output>
        </test-method> <!-- beforeClass -->
        <test-method status="PASS" signature="GetHttpStatus()[pri:0, instance:RequestTest.StartRequestTest@6d8a00e3]" name="GetHttpStatus" duration-ms="70" started-at="2016-12-02T09:32:21Z" finished-at="2016-12-02T09:32:21Z">
          <reporter-output>
          </reporter-output>
        </test-method> <!-- GetHttpStatus -->
        <test-method status="PASS" signature="Validate_resultCount()[pri:0, instance:RequestTest.StartRequestTest@6d8a00e3]" name="Validate_resultCount" duration-ms="4" started-at="2016-12-02T09:32:21Z" finished-at="2016-12-02T09:32:21Z">
          <reporter-output>
          </reporter-output>
        </test-method> <!-- Validate_resultCount -->
        <test-method status="FAIL" signature="Validate_result_artistName()[pri:0, instance:RequestTest.StartRequestTest@6d8a00e3]" name="Validate_result_artistName" duration-ms="8" started-at="2016-12-02T09:32:21Z" finished-at="2016-12-02T09:32:21Z">
          <exception class="java.lang.AssertionError">
            <message>
              <![CDATA[expected [Jack Johnson] but found [Jack Johnson, Dave Matthews & Tim Reynolds]]]>
            </message>
            <full-stacktrace>
              <![CDATA[java.lang.AssertionError: expected [Jack Johnson] but found [Jack Johnson, Dave Matthews & Tim Reynolds]
	at org.testng.Assert.fail(Assert.java:94)
	at org.testng.Assert.failNotEquals(Assert.java:513)
	at org.testng.Assert.assertEqualsImpl(Assert.java:135)
	at org.testng.Assert.assertEquals(Assert.java:116)
	at org.testng.Assert.assertEquals(Assert.java:190)
	at org.testng.Assert.assertEquals(Assert.java:200)
	at RequestTest.StartRequestTest.Validate_result_artistName(StartRequestTest.java:82)
	at sun.reflect.NativeMethodAccessorImpl.invoke0(Native Method)
	at sun.reflect.NativeMethodAccessorImpl.invoke(NativeMethodAccessorImpl.java:62)
	at sun.reflect.DelegatingMethodAccessorImpl.invoke(DelegatingMethodAccessorImpl.java:43)
	at java.lang.reflect.Method.invoke(Method.java:483)
	at org.testng.internal.MethodInvocationHelper.invokeMethod(MethodInvocationHelper.java:100)
	at org.testng.internal.Invoker.invokeMethod(Invoker.java:646)
	at org.testng.internal.Invoker.invokeTestMethod(Invoker.java:811)
	at org.testng.internal.Invoker.invokeTestMethods(Invoker.java:1129)
	at org.testng.internal.TestMethodWorker.invokeTestMethods(TestMethodWorker.java:129)
	at org.testng.internal.TestMethodWorker.run(TestMethodWorker.java:112)
	at org.testng.TestRunner.privateRun(TestRunner.java:746)
	at org.testng.TestRunner.run(TestRunner.java:600)
	at org.testng.SuiteRunner.runTest(SuiteRunner.java:366)
	at org.testng.SuiteRunner.runSequentially(SuiteRunner.java:361)
	at org.testng.SuiteRunner.privateRun(SuiteRunner.java:319)
	at org.testng.SuiteRunner.run(SuiteRunner.java:268)
	at org.testng.SuiteRunnerWorker.runSuite(SuiteRunnerWorker.java:52)
	at org.testng.SuiteRunnerWorker.run(SuiteRunnerWorker.java:86)
	at org.testng.TestNG.runSuitesSequentially(TestNG.java:1264)
	at org.testng.TestNG.runSuitesLocally(TestNG.java:1189)
	at org.testng.TestNG.runSuites(TestNG.java:1104)
	at org.testng.TestNG.run(TestNG.java:1076)
	at org.testng.remote.AbstractRemoteTestNG.run(AbstractRemoteTestNG.java:126)
	at org.testng.remote.RemoteTestNG.initAndRun(RemoteTestNG.java:152)
	at org.testng.remote.RemoteTestNG.main(RemoteTestNG.java:57)
]]>
            </full-stacktrace>
          </exception> <!-- java.lang.AssertionError -->
          <reporter-output>
          </reporter-output>
        </test-method> <!-- Validate_result_artistName -->
      </class> <!-- RequestTest.StartRequestTest -->
    </test> <!-- Default test -->
  </suite> <!-- Default suite -->
</testng-results>
